Function 1:
"Function Scan on airplanes13000  (cost=0.25..10.25 rows=1000 width=36) (actual time=47.853..47.910 rows=1291 loops=1)"
"Planning Time: 4.144 ms"
"Execution Time: 51.821 ms"

Function 2:
"Function Scan on airplanes_date_location  (cost=0.25..10.25 rows=1000 width=48) (actual time=4.324..4.335 rows=188 loops=1)"
"Planning Time: 0.073 ms"
"Execution Time: 4.996 ms"

Function 3:
"Function Scan on trucks_fuel_date  (cost=0.25..10.25 rows=1000 width=76) (actual time=1.086..1.130 rows=424 loops=1)"
"Planning Time: 0.095 ms"
"Execution Time: 1.948 ms"

Function 4:
"Function Scan on runway_events  (cost=0.25..10.25 rows=1000 width=76) (actual time=63.088..63.094 rows=56 loops=1)"
"Planning Time: 0.073 ms"
"Execution Time: 63.743 ms"
