View 1
Select Query 1:


SELECT
    name,
    customerid,
    ticketid,
    flightid,
    flightcode,
    location,
    gatenumber
FROM
    boarding_passes
WHERE
    customerid = 12345;

output:
"Jim Williams"	12345	165351	201641	"bC8199"	"SFO"	0
Log:
"Nested Loop  (cost=599.47..680.81 rows=69 width=166) (actual time=39.492..39.900 rows=1 loops=1)"
"  ->  Hash Join  (cost=499.47..562.86 rows=23 width=48) (actual time=31.380..31.785 rows=1 loops=1)"
"        Hash Cond: ((fc.flightcode)::text = (f.flightcode)::text)"
"        ->  Foreign Scan on flightinfo fc  (cost=100.00..157.25 rows=1575 width=28) (actual time=5.509..5.876 rows=100 loops=1)"
"        ->  Hash  (cost=399.43..399.43 rows=3 width=48) (actual time=25.839..25.844 rows=1 loops=1)"
"              Buckets: 1024  Batches: 1  Memory Usage: 9kB"
"              ->  Hash Join  (cost=340.02..399.43 rows=3 width=48) (actual time=23.500..25.814 rows=1 loops=1)"
"                    Hash Cond: (f.flightid = t.flightid)"
"                    ->  Foreign Scan on flight f  (cost=100.00..153.86 rows=1462 width=32) (actual time=1.760..11.950 rows=2000 loops=1)"
"                    ->  Hash  (cost=240.00..240.00 rows=1 width=28) (actual time=13.277..13.280 rows=1 loops=1)"
"                          Buckets: 1024  Batches: 1  Memory Usage: 9kB"
"                          ->  Nested Loop  (cost=100.81..240.00 rows=1 width=28) (actual time=13.243..13.269 rows=1 loops=1)"
"                                Join Filter: (l.""flightID"" = t.flightid)"
"                                ->  Nested Loop  (cost=100.40..187.39 rows=11 width=24) (actual time=13.213..13.228 rows=2 loops=1)"
"                                      ->  Foreign Scan on ticket t  (cost=100.00..138.66 rows=11 width=12) (actual time=13.164..13.165 rows=2 loops=1)"
"                                      ->  Index Only Scan using itsgate_pkey on itsgate g  (cost=0.40..4.42 rows=1 width=12) (actual time=0.025..0.026 rows=1 loops=2)"
"                                            Index Cond: (flightid = t.flightid)"
"                                            Heap Fetches: 0"
"                                ->  Index Scan using landingtakingoff_pkey on landingtakingoff l  (cost=0.40..4.77 rows=1 width=8) (actual time=0.017..0.017 rows=0 loops=2)"
"                                      Index Cond: (""flightID"" = g.flightid)"
"                                      Filter: ((lt = 0) AND ((g.location)::text = (location)::text))"
"                                      Rows Removed by Filter: 0"
"  ->  Materialize  (cost=100.00..117.09 rows=3 width=122) (actual time=8.107..8.109 rows=1 loops=1)"
"        ->  Foreign Scan on customer c  (cost=100.00..117.07 rows=3 width=122) (actual time=8.090..8.091 rows=1 loops=1)"
"Planning Time: 9.563 ms"
"Execution Time: 42.352 ms"

Select Query 2:
SELECT
    name,
    customerid,
    ticketid,
    flightid,
    flightcode,
    location,
    gatenumber
FROM
    boarding_passes
WHERE
    flightid = '200023';

output:
"Jennifer Sampson"	38878	297361	200023	"do7156"	"JFK"	1
"Danielle Harris"	13501	293997	200023	"do7156"	"JFK"	1
"Kevin Abbott"	6869	291224	200023	"do7156"	"JFK"	1
"April Morrow"	21161	290520	200023	"do7156"	"JFK"	1
"Diana White"	7599	289268	200023	"do7156"	"JFK"	1
"Leah Crawford"	3263	284429	200023	"do7156"	"JFK"	1
"Antonio Hughes"	21592	282314	200023	"do7156"	"JFK"	1
"Diane Mcclure"	13162	279767	200023	"do7156"	"JFK"	1
"Keith Haynes"	49719	277487	200023	"do7156"	"JFK"	1
"Alison Mitchell"	40242	277143	200023	"do7156"	"JFK"	1
"Jessica Williams"	3579	275940	200023	"do7156"	"JFK"	1
"Annette Koch"	19404	273559	200023	"do7156"	"JFK"	1
"John Mcdowell"	8596	271114	200023	"do7156"	"JFK"	1
"Sharon Burton"	8528	264023	200023	"do7156"	"JFK"	1
"Gregg Christian"	41243	263973	200023	"do7156"	"JFK"	1
"Jerry Martinez"	18335	263062	200023	"do7156"	"JFK"	1
"Tricia Nguyen"	14645	261203	200023	"do7156"	"JFK"	1
"Charles Pierce"	21403	260623	200023	"do7156"	"JFK"	1
"Felicia Taylor"	22309	259512	200023	"do7156"	"JFK"	1
"Nicholas Walsh"	42813	259465	200023	"do7156"	"JFK"	1
"Karen Taylor"	42289	259113	200023	"do7156"	"JFK"	1
"Anna Norman"	45919	258189	200023	"do7156"	"JFK"	1
"Jamie Evans"	2071	258107	200023	"do7156"	"JFK"	1
"Darlene Mejia"	18054	253357	200023	"do7156"	"JFK"	1
"Brian Guzman"	14041	252830	200023	"do7156"	"JFK"	1
"Stephen Little"	18787	250441	200023	"do7156"	"JFK"	1
"John Johnson"	42208	247035	200023	"do7156"	"JFK"	1
"Christopher Castro"	41781	245303	200023	"do7156"	"JFK"	1
"Lindsey Bentley"	39183	245061	200023	"do7156"	"JFK"	1
"Heidi Stephens"	10462	242694	200023	"do7156"	"JFK"	1
"Daniel Bruce"	40147	240768	200023	"do7156"	"JFK"	1
"Donna Cordova"	24338	237528	200023	"do7156"	"JFK"	1
"Evan Spears"	39950	237401	200023	"do7156"	"JFK"	1
"Ashley Brown"	37659	234736	200023	"do7156"	"JFK"	1
"Kelli Peck"	45243	225706	200023	"do7156"	"JFK"	1
"Anthony Mendez"	43775	224181	200023	"do7156"	"JFK"	1
"Brittany Contreras"	48831	224028	200023	"do7156"	"JFK"	1
"Robert Brown"	32403	220750	200023	"do7156"	"JFK"	1
"Debra Wolfe"	5266	218847	200023	"do7156"	"JFK"	1
"Alexis Simmons"	44561	217076	200023	"do7156"	"JFK"	1
"Frank Bell"	1674	216407	200023	"do7156"	"JFK"	1
"Ronald Bender"	14899	215590	200023	"do7156"	"JFK"	1
"Marcus Mason"	41844	215373	200023	"do7156"	"JFK"	1
"William Sawyer"	44244	209973	200023	"do7156"	"JFK"	1
"Lawrence Le"	3426	203675	200023	"do7156"	"JFK"	1
"Cheryl King"	12511	203555	200023	"do7156"	"JFK"	1
"Laura Kent"	16133	196970	200023	"do7156"	"JFK"	1
"Anne Kim"	21862	193958	200023	"do7156"	"JFK"	1
"Keith Smith DVM"	2269	191146	200023	"do7156"	"JFK"	1
"Madeline Ruiz"	14116	189005	200023	"do7156"	"JFK"	1
"Sean Marshall"	4532	188367	200023	"do7156"	"JFK"	1
"Jimmy Branch"	46340	188345	200023	"do7156"	"JFK"	1
"Dominique Perez"	47554	179846	200023	"do7156"	"JFK"	1
"Terry Copeland"	13359	179225	200023	"do7156"	"JFK"	1
"Brittany Morales"	39087	179088	200023	"do7156"	"JFK"	1
"Derek Manning"	44876	173769	200023	"do7156"	"JFK"	1
"Kelly Avila"	15753	172957	200023	"do7156"	"JFK"	1
"Joseph Johnson"	12148	171255	200023	"do7156"	"JFK"	1
"Emma Mann"	17130	170323	200023	"do7156"	"JFK"	1
"Allison Parks"	27329	167770	200023	"do7156"	"JFK"	1
"John Boyd Jr."	21555	166411	200023	"do7156"	"JFK"	1
"Brandy Moore"	19611	165954	200023	"do7156"	"JFK"	1
"Dylan Hahn"	41244	150887	200023	"do7156"	"JFK"	1
"Daniel Kim"	10537	147668	200023	"do7156"	"JFK"	1
"Juan Gutierrez"	48179	146837	200023	"do7156"	"JFK"	1
"Stephanie Henderson"	19001	146082	200023	"do7156"	"JFK"	1
"Sherry Hart"	7929	144524	200023	"do7156"	"JFK"	1
"Andrea Weaver"	32117	143444	200023	"do7156"	"JFK"	1
"Jacob Nelson"	19080	138394	200023	"do7156"	"JFK"	1
"Ruben Bolton"	32844	137911	200023	"do7156"	"JFK"	1
"Anna Rodgers"	26683	136410	200023	"do7156"	"JFK"	1
"Alexis Bowers"	26537	136094	200023	"do7156"	"JFK"	1
"Jacob Castro"	12986	134080	200023	"do7156"	"JFK"	1
"Edward Martin MD"	21069	133604	200023	"do7156"	"JFK"	1
"Danielle Mann"	33197	132601	200023	"do7156"	"JFK"	1
"David French"	19578	132309	200023	"do7156"	"JFK"	1
"Ryan Griffin"	22012	131796	200023	"do7156"	"JFK"	1
"Courtney Pittman"	20341	130595	200023	"do7156"	"JFK"	1
"Richard Johnson"	46707	127051	200023	"do7156"	"JFK"	1
"Brian Allen"	12815	126860	200023	"do7156"	"JFK"	1
"Marissa Wood"	38287	122957	200023	"do7156"	"JFK"	1
"Emily Campbell"	1315	122763	200023	"do7156"	"JFK"	1
"Andrew Sutton"	18327	121808	200023	"do7156"	"JFK"	1
"Shawn Williams"	25228	120312	200023	"do7156"	"JFK"	1
"David White"	26624	120068	200023	"do7156"	"JFK"	1
"Rebecca Flores"	45012	117240	200023	"do7156"	"JFK"	1
"David Cole Jr."	38205	116173	200023	"do7156"	"JFK"	1
"Karen Figueroa"	46419	112537	200023	"do7156"	"JFK"	1
"Jennifer Tran"	3408	109231	200023	"do7156"	"JFK"	1
"Natalie Garcia"	46007	108670	200023	"do7156"	"JFK"	1
"Whitney Evans"	23130	107082	200023	"do7156"	"JFK"	1
"Jeremy Jones"	34715	107019	200023	"do7156"	"JFK"	1
"Jacob Clark"	41075	104224	200023	"do7156"	"JFK"	1
"Antonio Kelly"	29508	103035	200023	"do7156"	"JFK"	1
"Mrs. Stephanie Mclaughlin PhD"	5092	101151	200023	"do7156"	"JFK"	1
"Mitchell Swanson"	10409	100601	200023	"do7156"	"JFK"	1
"Emily Green"	46631	100575	200023	"do7156"	"JFK"	1
"Benjamin Fisher"	40396	100542	200023	"do7156"	"JFK"	1

Update Query:
UPDATE
    boarding_passes
SET
    gatenumber = '96'
WHERE
    flightid = '201955' AND location = 'SFO';

select * from itsgate
	where flightid = 201955;
Output:
201955	96	"SFO"
Log:
"Update on boarding_passes  (cost=100.81..215.42 rows=0 width=0) (actual time=0.033..0.036 rows=0 loops=1)"
"  ->  Nested Loop  (cost=100.81..215.42 rows=51 width=430) (actual time=0.032..0.035 rows=0 loops=1)"
"        ->  Nested Loop  (cost=0.81..16.86 rows=1 width=28) (actual time=0.032..0.032 rows=0 loops=1)"
"              ->  Index Scan using itsgate_pkey on itsgate g  (cost=0.40..8.42 rows=1 width=18) (actual time=0.030..0.030 rows=0 loops=1)"
"                    Index Cond: ((flightid = 201955) AND ((location)::text = 'JFK'::text))"
"              ->  Index Scan using landingtakingoff_pkey on landingtakingoff l  (cost=0.40..8.43 rows=1 width=14) (never executed)"
"                    Index Cond: (""flightID"" = 201955)"
"                    Filter: ((lt = 0) AND ((location)::text = 'JFK'::text))"
"        ->  Foreign Scan  (cost=100.00..198.05 rows=51 width=540) (never executed)"
"              Relations: (((customer c) INNER JOIN (ticket t)) INNER JOIN (flight f)) INNER JOIN (flightinfo fc)"
"              ->  Hash Join  (cost=234.14..292.13 rows=51 width=540) (never executed)"
"                    Hash Cond: ((f.flightcode)::text = (fc.flightcode)::text)"
"                    ->  Nested Loop  (cost=200.00..256.16 rows=18 width=448) (never executed)"
"                          ->  Hash Join  (cost=218.96..238.47 rows=6 width=356) (never executed)"
"                                Hash Cond: (c.customerid = t.customerid)"
"                                ->  Foreign Scan on customer c  (cost=100.00..118.40 rows=280 width=268) (never executed)"
"                                ->  Hash  (cost=118.91..118.91 rows=4 width=92) (never executed)"
"                                      ->  Foreign Scan on ticket t  (cost=100.00..118.91 rows=4 width=92) (never executed)"
"                          ->  Materialize  (cost=100.00..118.60 rows=3 width=96) (never executed)"
"                                ->  Foreign Scan on flight f  (cost=100.00..118.59 rows=3 width=96) (never executed)"
"                    ->  Hash  (cost=127.04..127.04 rows=568 width=120) (never executed)"
"                          ->  Foreign Scan on flightinfo fc  (cost=100.00..127.04 rows=568 width=120) (never executed)"
"Planning Time: 1.069 ms"
"Execution Time: 0.547 ms"

Insert Query:
INSERT INTO boarding_passes (name, customerid, ticketid, flightid, flightcode, location, gatenumber)
VALUES ('Eli Hawk', 6890, '2029289', '200023', 'do7156', 'JFK', '34');

select * from ticket 
where ticketid = 2029289;

Output:
2029289	"Economy"	"1A"	"None"	23	0	6890	200025	"A"	"None"
Log:
"Insert on boarding_passes  (cost=0.00..0.01 rows=0 width=0) (actual time=5.131..5.135 rows=0 loops=1)"
"  ->  Result  (cost=0.00..0.01 rows=1 width=194) (actual time=0.001..0.001 rows=1 loops=1)"
"Planning Time: 0.040 ms"
"Trigger trg_insert_boarding_passes: time=5.119 calls=1"
"Execution Time: 5.153 ms"

View 2
select a.makeandmodel,
	Round(AVG(r.rating), 2) as Stars
FROM
	review_airplane_data r
join 
	airplane a on a.serialnumber = r.serialnumber
group by a.makeandmodel
order by Stars DESC
 
Output:
"makeandmodel"	"stars"
"Airbus A321"	3.24
"Airbus A320"	3.24
"Boeing 767"	3.19
"Bombardier CRJ900"	3.15
"Bombardier CRJ700"	3.09
"Airbus A350"	3.09
"Airbus A380"	3.06
"Airbus A330"	3.03
"Bombardier CRJ200"	3.02
"Bombardier Q400"	2.99
"Boeing 757"	2.99
"Boeing 747"	2.99
"Airbus A319"	2.97
"Embraer E175"	2.97
"Boeing 737"	2.95
"Embraer E195"	2.94
"Embraer E170"	2.93
"Embraer E190"	2.93
"Boeing 777"	2.88
"Boeing 787"	2.87

Update Query:
PREPARE update_rating (float, integer) AS
UPDATE review_airplane_data
SET rating = $1
WHERE ticketid = $2;

EXECUTE update_rating(4, 100579);


select r.rating from ticket t 
	join review r on  t.ticketid=r.ticketid
where t.ticketid=100579
Output:
UPDATE 1
"rating"
4

2nd Select Query:

select flightid,
	Round(AVG(rating), 2) as stars,
	COUNT(*) AS review_count
FROM
	REVIEW_AIRPLANE_DATA
	
GROUP BY FLIGHTID
ORDER BY STARS DESC

output:
"flightid"	"stars"	"review_count"
201219	5.00	1
200107	5.00	1
200985	5.00	1
200345	5.00	1
200212	5.00	1
200251	5.00	1
200505	5.00	1
200074	5.00	1
201587	5.00	1
201596	5.00	1
201438	5.00	1
200728	5.00	1
200825	5.00	1
200497	5.00	1
200909	5.00	1
201519	5.00	1
201778	5.00	1
200482	5.00	1
201500	5.00	1
200827	5.00	1
200010	5.00	1
200136	5.00	3
200280	5.00	1
201936	5.00	1
200257	5.00	1
201469	5.00	1
200389	5.00	1
201397	5.00	1
200778	5.00	1
201328	5.00	1
201982	5.00	1
201142	5.00	1
200735	5.00	1
200094	5.00	1
201838	5.00	1
201145	5.00	1
200309	5.00	1
200835	5.00	2
200619	5.00	1
200984	5.00	1
200736	5.00	1
201891	5.00	3
201551	5.00	1
200500	5.00	1
200776	5.00	1
201962	5.00	2
200701	5.00	1
200027	5.00	1
200016	5.00	1
201935	5.00	1
200602	5.00	1
200972	5.00	1
200739	5.00	1
201252	5.00	1
201377	5.00	1
201767	5.00	1
200620	5.00	1
201123	5.00	1
200483	5.00	1
200113	5.00	1
201977	5.00	1
200344	5.00	1
201743	5.00	1
201974	5.00	1
201342	5.00	1
200544	5.00	2
200847	5.00	1
201192	5.00	1
200858	5.00	1
200604	5.00	2
201993	5.00	1
201144	5.00	1
200022	5.00	1
200266	5.00	2
201681	5.00	1
200952	5.00	1
201586	5.00	1
201184	5.00	1
201171	5.00	1
201336	5.00	1
200419	5.00	1
200014	5.00	2
201159	5.00	1
200651	5.00	2
200168	5.00	1
201843	5.00	1
200368	5.00	1
201710	5.00	1
201101	5.00	1
201068	5.00	1
200193	5.00	1
201311	5.00	1
200995	5.00	1
201674	5.00	1
201990	5.00	2
200142	5.00	1
201396	5.00	1
201671	5.00	4
200597	5.00	1
201073	5.00	1
200704	5.00	1
201666	5.00	1
201837	5.00	1
201353	5.00	2
201880	5.00	1
201565	5.00	1
201766	5.00	1
201152	5.00	1
201554	5.00	1
201120	5.00	1
200458	5.00	1
200762	5.00	1
201249	5.00	1
200864	5.00	1
200397	5.00	1
201790	5.00	4
201217	5.00	1
201503	5.00	1
201549	5.00	1
201069	5.00	1
201556	5.00	1
201111	5.00	1
201394	5.00	1
201506	5.00	1
201949	5.00	2
200982	5.00	1
201968	5.00	1
200801	5.00	1
200415	5.00	1
201839	5.00	2
200399	5.00	1
200085	5.00	1
201971	5.00	2
201034	5.00	1
201065	5.00	1
200772	5.00	2
201327	5.00	1
201741	5.00	1
200119	5.00	1
201172	5.00	1
201543	5.00	1
201203	5.00	1
200079	5.00	1
200146	5.00	1
200081	5.00	1
200407	5.00	1
200844	5.00	1
200453	5.00	1
201662	5.00	1
201757	5.00	1
200445	5.00	2
201667	5.00	1
200318	5.00	1
200768	5.00	1
201052	5.00	1
201307	5.00	1
201511	5.00	1
200467	4.67	3
201061	4.67	3
200957	4.67	3
201591	4.67	3
200617	4.67	3
200980	4.67	3
200393	4.67	3
200430	4.67	3
201391	4.67	3
200838	4.67	3
200007	4.50	2
200296	4.50	2
200050	4.50	2
201878	4.50	2
200935	4.50	4
201455	4.50	2
200439	4.50	2
201002	4.50	2
201855	4.50	2
200195	4.50	2
200122	4.50	2
200807	4.50	2
200398	4.50	2
201613	4.50	2
200159	4.50	2
201689	4.50	2
200726	4.50	2
200105	4.50	2
200555	4.50	2
201865	4.50	2
200588	4.50	2
201601	4.50	2
200911	4.50	2
201316	4.50	2
200365	4.50	2
201258	4.50	2
200335	4.50	2
200826	4.50	2
200740	4.50	2
200137	4.50	2
200868	4.50	2
201786	4.50	2
200171	4.50	2
201150	4.50	2
200204	4.50	2
200209	4.50	4
201820	4.50	2
201914	4.50	2
201449	4.50	2
201520	4.50	2
201948	4.50	2
200873	4.50	2
200563	4.33	3
201201	4.33	3
200967	4.33	3
201291	4.33	3
201758	4.33	3
200038	4.33	3
200447	4.33	3
201637	4.33	6
201825	4.33	3
200470	4.33	3
201378	4.25	4
200391	4.20	5
200537	4.20	5
200108	4.00	3
201872	4.00	1
201244	4.00	1
201163	4.00	1
201907	4.00	1
200910	4.00	1
201631	4.00	1
200930	4.00	1
200169	4.00	2
200255	4.00	2
201401	4.00	2
200063	4.00	3
200369	4.00	1
201811	4.00	1
201380	4.00	1
201403	4.00	1
200608	4.00	1
200612	4.00	1
201733	4.00	1
200535	4.00	1
201535	4.00	2
201726	4.00	1
201782	4.00	1
200904	4.00	1
201690	4.00	2
200191	4.00	3
200875	4.00	1
200861	4.00	1
200111	4.00	1
200808	4.00	2
200281	4.00	1
201082	4.00	1
200396	4.00	1
200410	4.00	1
200069	4.00	3
201888	4.00	1
201304	4.00	2
201544	4.00	2
200347	4.00	2
201926	4.00	1
201597	4.00	2
201755	4.00	1
200523	4.00	3
200434	4.00	1
201905	4.00	2
200098	4.00	1
201702	4.00	2
201169	4.00	2
201048	4.00	3
201408	4.00	2
201417	4.00	2
200703	4.00	3
200813	4.00	1
201640	4.00	1
201913	4.00	1
201122	4.00	1
201942	4.00	2
200557	4.00	1
201174	4.00	1
200020	4.00	1
200219	4.00	3
200140	4.00	3
200194	4.00	2
201428	4.00	1
201517	4.00	2
201260	4.00	2
201134	4.00	3
200271	4.00	1
200918	4.00	1
200924	4.00	1
201988	4.00	1
200043	4.00	2
201932	4.00	1
200188	4.00	4
200040	4.00	1
200959	4.00	1
201008	4.00	1
201182	4.00	1
201406	4.00	2
201499	4.00	2
201896	4.00	1
200343	4.00	2
200717	4.00	1
201100	4.00	2
201798	4.00	1
201268	4.00	1
200241	4.00	1
200914	4.00	1
200097	4.00	1
201400	4.00	1
201360	4.00	1
200715	4.00	1
200866	4.00	1
201279	4.00	1
201076	4.00	1
201366	4.00	2
201264	4.00	2
201205	4.00	1
200978	4.00	2
200690	4.00	3
201728	4.00	1
201947	4.00	1
200025	4.00	1
200949	4.00	3
200539	4.00	1
200527	4.00	2
201804	4.00	1
201744	4.00	2
200987	4.00	1
201287	4.00	1
201482	4.00	1
201860	4.00	1
201480	4.00	2
201016	4.00	3
200129	4.00	1
201697	4.00	1
201807	4.00	1
201967	4.00	1
200623	4.00	1
201848	4.00	2
200452	4.00	2
201437	4.00	1
200408	4.00	2
201148	4.00	1
200420	4.00	1
201527	4.00	2
200738	4.00	1
200533	4.00	2
201340	4.00	1
201770	4.00	1
200223	4.00	2
200944	4.00	1
201978	4.00	2
201594	4.00	1
201573	4.00	4
200642	4.00	1
201785	4.00	2
200886	4.00	2
200134	4.00	1
200388	4.00	1
201624	4.00	1
200839	4.00	1
201611	4.00	1
201046	4.00	2
201402	4.00	3
200856	4.00	3
201263	4.00	1
201750	4.00	2
200436	4.00	1
201168	4.00	2
201929	4.00	1
200678	4.00	1
200310	4.00	1
200869	4.00	1
200680	4.00	1
201277	4.00	1
200151	4.00	1
200480	4.00	1
200682	4.00	1
200707	4.00	2
200292	4.00	2
201550	4.00	1
200476	4.00	2
201036	4.00	1
200057	4.00	2
200017	4.00	1
201638	4.00	2
200938	4.00	1
201053	4.00	2
201025	4.00	1
201153	4.00	1
200831	4.00	4
201000	4.00	2
201050	4.00	2
201793	4.00	1
201986	4.00	1
200541	4.00	1
200614	4.00	1
200331	4.00	3
201844	4.00	1
201727	4.00	1
200962	4.00	2
201079	4.00	1
200366	4.00	1
200546	4.00	2
201526	4.00	5
200224	4.00	1
200992	4.00	4
201579	4.00	1
201959	4.00	2
200261	4.00	1
200636	4.00	2
201762	4.00	1
201522	4.00	1
201717	4.00	1
200773	4.00	2
200956	4.00	4
201669	4.00	2
200046	4.00	2
200132	4.00	1
200001	4.00	4
201533	4.00	1
201729	4.00	1
200115	4.00	1
201776	4.00	1
200180	4.00	2
201714	3.83	6
201213	3.80	5
200035	3.75	4
200509	3.75	4
201181	3.75	4
201609	3.75	4
200514	3.67	3
201830	3.67	3
200289	3.67	3
201007	3.67	3
200556	3.67	3
201589	3.67	3
201642	3.67	3
201414	3.67	3
200026	3.67	3
200427	3.67	3
201965	3.67	3
201222	3.67	3
200015	3.67	3
201035	3.67	3
200340	3.67	6
201941	3.67	3
201984	3.67	3
200934	3.67	3
200648	3.67	3
200394	3.67	3
200983	3.67	3
201985	3.67	3
201009	3.67	3
201902	3.67	3
200781	3.67	3
201231	3.67	3
200700	3.67	3
200774	3.67	3
200829	3.67	3
200065	3.67	3
200551	3.67	3
200240	3.67	3
201512	3.67	3
200863	3.67	3
200216	3.67	3
200314	3.67	3
201109	3.67	3
200881	3.67	3
200102	3.67	6
201953	3.67	3
200877	3.67	3
200060	3.67	3
201840	3.60	5
201270	3.50	2
201509	3.50	2
201588	3.50	2
201439	3.50	2
201995	3.50	2
200797	3.50	2
200484	3.50	2
201575	3.50	2
200522	3.50	2
201773	3.50	2
201044	3.50	2
201930	3.50	2
201996	3.50	2
200328	3.50	2
201416	3.50	2
201127	3.50	2
200379	3.50	2
200205	3.50	2
200943	3.50	2
200779	3.50	4
201043	3.50	2
200834	3.50	2
201917	3.50	2
201893	3.50	2
201863	3.50	2
200304	3.50	4
200428	3.50	2
201018	3.50	2
200243	3.50	2
200422	3.50	2
200578	3.50	2
200423	3.50	2
200708	3.50	2
201621	3.50	4
200974	3.50	2
200631	3.50	4
200545	3.50	2
201047	3.50	4
201678	3.50	2
200821	3.50	2
200265	3.50	2
201352	3.50	2
201882	3.50	2
201289	3.50	2
201199	3.50	2
201909	3.50	2
200156	3.50	2
201431	3.50	2
201398	3.50	2
200564	3.50	2
201593	3.50	2
201204	3.50	2
200876	3.50	2
200663	3.50	2
201999	3.50	2
201117	3.50	2
200673	3.50	2
200077	3.50	2
200633	3.50	2
201908	3.50	2
201463	3.50	2
200211	3.50	2
201098	3.50	2
201910	3.50	2
201407	3.50	2
200096	3.50	2
200559	3.50	2
200493	3.50	2
200093	3.50	2
201846	3.50	2
200429	3.50	2
200832	3.50	2
200325	3.50	2
200003	3.50	2
201189	3.50	2
201718	3.50	2
200183	3.50	2
201361	3.50	2
201195	3.50	2
200603	3.50	2
201471	3.50	2
201426	3.50	2
200658	3.50	2
201754	3.50	2
200417	3.50	4
200371	3.50	2
201620	3.50	2
200855	3.50	2
200672	3.50	2
201433	3.50	2
200842	3.50	2
201024	3.50	2
200045	3.50	2
200932	3.50	2
201619	3.50	2
200390	3.50	2
201343	3.50	2
200589	3.50	2
201675	3.50	2
201012	3.50	2
201297	3.50	2
201808	3.50	2
200895	3.50	2
201706	3.50	2
201010	3.50	2
201374	3.40	5
200052	3.33	3
201563	3.33	3
201705	3.33	3
200227	3.33	3
201090	3.33	3
200009	3.33	3
201557	3.33	3
200285	3.33	3
201026	3.33	3
201870	3.33	3
201964	3.33	3
201059	3.33	3
201167	3.33	3
200067	3.33	3
201475	3.33	3
201368	3.33	3
200348	3.33	3
200378	3.33	3
200202	3.33	3
201359	3.33	3
201553	3.33	3
200465	3.33	3
200963	3.33	3
201612	3.33	3
200245	3.33	3
201998	3.33	3
200021	3.33	3
200946	3.33	3
201687	3.33	3
200104	3.33	3
200231	3.33	3
200600	3.33	3
201831	3.33	3
200339	3.33	3
201789	3.33	3
201900	3.33	3
201259	3.33	3
200498	3.33	3
200076	3.33	3
200258	3.33	3
200024	3.33	3
201337	3.33	3
200382	3.33	3
201992	3.33	3
200570	3.33	3
201023	3.33	6
200896	3.33	3
200994	3.25	4
201137	3.25	4
200767	3.25	4
201641	3.25	4
200675	3.25	4
201190	3.25	4
200540	3.25	4
200324	3.25	4
200206	3.25	4
201329	3.25	4
200402	3.25	4
200973	3.25	4
201906	3.25	4
201883	3.25	4
200696	3.25	4
200670	3.25	4
200766	3.25	4
201504	3.20	5
201095	3.20	5
201742	3.00	3
200192	3.00	1
200103	3.00	1
201257	3.00	3
200486	3.00	2
201501	3.00	1
200794	3.00	2
201078	3.00	3
200112	3.00	2
200780	3.00	1
200177	3.00	3
201564	3.00	1
201430	3.00	3
200048	3.00	1
201245	3.00	1
200553	3.00	3
201759	3.00	1
200653	3.00	1
200594	3.00	2
200783	3.00	2
200833	3.00	3
201541	3.00	2
200814	3.00	1
201247	3.00	1
200075	3.00	2
201970	3.00	2
200450	3.00	2
200471	3.00	1
201670	3.00	2
201468	3.00	5
200547	3.00	1
201435	3.00	1
200203	3.00	2
201128	3.00	2
200290	3.00	1
200273	3.00	2
201119	3.00	1
201355	3.00	1
201276	3.00	1
200824	3.00	2
201525	3.00	2
200905	3.00	3
200199	3.00	2
200418	3.00	2
201760	3.00	1
201841	3.00	2
201539	3.00	3
201873	3.00	2
200148	3.00	1
201306	3.00	1
200503	3.00	1
201451	3.00	1
201419	3.00	2
201801	3.00	1
200867	3.00	3
200711	3.00	1
200353	3.00	1
201713	3.00	1
200561	3.00	2
201292	3.00	1
200031	3.00	5
201301	3.00	1
201130	3.00	2
200885	3.00	3
201039	3.00	2
200392	3.00	1
200605	3.00	2
201692	3.00	3
201381	3.00	1
201937	3.00	3
201445	3.00	1
201903	3.00	2
200805	3.00	3
201643	3.00	1
201388	3.00	5
200836	3.00	2
201822	3.00	4
201721	3.00	2
201320	3.00	4
201981	3.00	2
201310	3.00	2
201537	3.00	1
200386	3.00	1
200706	3.00	1
200181	3.00	2
200786	3.00	1
201156	3.00	1
200737	3.00	2
201143	3.00	1
200124	3.00	2
200965	3.00	3
200490	3.00	2
201740	3.00	1
201647	3.00	2
200722	3.00	1
200713	3.00	1
200349	3.00	1
201176	3.00	2
201658	3.00	2
201528	3.00	2
201207	3.00	1
201266	3.00	1
200857	3.00	1
200492	3.00	1
201198	3.00	2
201862	3.00	2
200757	3.00	2
200649	3.00	1
201875	3.00	1
200549	3.00	3
201434	3.00	2
201829	3.00	4
200576	3.00	1
200329	3.00	2
200400	3.00	1
200725	3.00	1
200083	3.00	1
200316	3.00	1
200477	3.00	2
201521	3.00	3
200796	3.00	1
201161	3.00	1
200970	3.00	4
201241	3.00	2
201915	3.00	1
200552	3.00	1
201476	3.00	4
200364	3.00	4
200640	3.00	4
201427	3.00	2
201845	3.00	1
201918	3.00	1
200469	3.00	2
200674	3.00	1
200012	3.00	2
200969	3.00	2
200635	3.00	2
200795	3.00	2
201458	3.00	1
200032	3.00	1
201648	3.00	1
200788	3.00	1
200268	3.00	1
201633	3.00	1
200066	3.00	1
201239	3.00	1
200519	3.00	2
200507	3.00	1
201220	3.00	1
200478	3.00	2
200172	3.00	2
201858	3.00	1
200669	3.00	1
201861	3.00	1
201298	3.00	2
200143	3.00	1
200272	3.00	2
201777	3.00	4
201125	3.00	1
200683	3.00	2
200986	3.00	2
201562	3.00	2
201818	3.00	1
200157	3.00	2
200906	3.00	2
201357	3.00	1
200190	3.00	1
201371	3.00	3
201943	3.00	1
201412	3.00	1
200254	3.00	1
200058	3.00	1
201183	3.00	3
200647	3.00	1
201747	3.00	2
200228	3.00	2
200524	3.00	2
201269	3.00	5
200913	3.00	2
201581	3.00	3
200558	3.00	2
201331	3.00	1
201216	3.00	1
201707	3.00	2
200639	3.00	1
200144	3.00	3
200723	3.00	1
201459	3.00	1
201724	3.00	2
200534	3.00	2
200730	3.00	1
201585	3.00	2
200865	3.00	2
201420	3.00	1
200912	3.00	1
200215	3.00	2
201325	3.00	1
201370	3.00	1
200999	3.00	1
200259	3.00	2
201834	3.00	2
200508	3.00	2
200426	3.00	2
200294	3.00	3
201763	3.00	2
201288	3.00	3
200095	3.00	2
201296	3.00	1
201338	3.00	2
201393	3.00	3
201322	3.00	1
200184	3.00	1
200300	3.00	1
200874	3.00	1
201498	3.00	2
201791	3.00	1
200235	3.00	2
201934	3.00	2
201040	3.00	3
200321	3.00	2
200152	3.00	1
200939	3.00	1
200859	3.00	1
200759	3.00	2
201814	3.00	2
200352	3.00	1
200942	3.00	2
200698	3.00	2
200581	3.00	1
201856	3.00	2
200610	3.00	1
201330	3.00	1
201029	3.00	2
200029	3.00	3
201547	3.00	3
200127	3.00	1
201781	3.00	2
201209	3.00	1
200893	3.00	2
201987	3.00	3
201151	3.00	1
200246	3.00	2
200689	3.00	2
201255	3.00	1
201819	3.00	1
200448	3.00	1
200473	3.00	1
200367	3.00	2
200955	3.00	3
200360	3.00	1
201367	3.00	2
201284	3.00	2
201106	3.00	1
201115	3.00	1
201805	3.00	1
200117	3.00	1
200414	3.00	1
201599	3.00	4
201933	3.00	1
200178	3.00	1
201518	3.00	2
201238	3.00	3
201605	3.00	1
200656	3.00	2
200260	3.00	3
201652	3.00	4
200005	3.00	1
201677	3.00	3
201015	3.00	3
201502	3.00	2
201688	3.00	1
200837	3.00	2
200528	3.00	1
201305	3.00	1
201769	3.00	2
200432	3.00	1
201032	3.00	1
200256	3.00	3
201062	3.00	2
201735	3.00	1
201131	3.00	2
201060	3.00	2
201474	3.00	1
200047	3.00	1
201132	3.00	1
201889	3.00	1
201732	3.00	2
200131	3.00	2
201616	3.00	4
201513	3.00	4
200883	3.00	1
200160	3.00	1
200887	2.83	6
200927	2.80	5
200000	2.80	5
201491	2.80	5
200262	2.80	5
201628	2.80	5
200326	2.80	5
201654	2.75	4
200749	2.75	4
200948	2.75	4
200229	2.75	4
200023	2.75	4
201780	2.75	4
200681	2.75	4
201282	2.75	4
200481	2.75	4
200278	2.75	4
200435	2.75	4
200301	2.67	3
201214	2.67	3
200743	2.67	3
200374	2.67	3
200530	2.67	3
200947	2.67	3
201303	2.67	3
200889	2.67	3
201136	2.67	3
201847	2.67	3
200163	2.67	3
201746	2.67	3
200606	2.67	6
200317	2.67	3
201983	2.67	3
200263	2.67	3
200724	2.67	3
200091	2.67	3
200225	2.67	3
201489	2.67	3
200954	2.67	3
201020	2.67	3
201146	2.67	3
200964	2.67	3
201041	2.67	3
200488	2.67	3
201657	2.67	3
201636	2.67	3
200720	2.67	3
200030	2.67	3
201037	2.67	3
200846	2.67	3
201578	2.60	5
201545	2.60	5
201324	2.60	5
200226	2.50	2
201950	2.50	2
201630	2.50	2
200684	2.50	2
200357	2.50	2
200971	2.50	2
201074	2.50	2
200628	2.50	2
201659	2.50	4
201787	2.50	2
201389	2.50	2
200041	2.50	2
201731	2.50	2
200479	2.50	2
201363	2.50	2
201868	2.50	2
201649	2.50	4
200087	2.50	2
201054	2.50	2
200454	2.50	2
200189	2.50	2
200894	2.50	2
201655	2.50	2
201626	2.50	2
201347	2.50	2
200787	2.50	2
201774	2.50	2
201379	2.50	2
201542	2.50	2
200165	2.50	2
200487	2.50	2
200387	2.50	2
201783	2.50	2
200731	2.50	2
201828	2.50	2
200775	2.50	2
200573	2.50	2
201392	2.50	2
201102	2.50	2
200998	2.50	4
200416	2.50	2
201155	2.50	2
200270	2.50	2
201411	2.50	2
200770	2.50	4
201235	2.50	2
201404	2.50	2
200004	2.50	2
200615	2.50	2
201966	2.50	2
201761	2.50	2
200691	2.50	2
200931	2.50	2
201369	2.50	2
201646	2.50	2
201354	2.50	2
200512	2.50	2
201001	2.50	4
200214	2.50	2
200363	2.50	2
201961	2.50	2
201077	2.50	2
201695	2.50	2
201892	2.50	2
200319	2.50	2
200338	2.50	2
201938	2.50	2
201248	2.50	2
200951	2.50	2
200765	2.50	2
201286	2.50	4
201604	2.50	2
201895	2.50	2
200634	2.50	2
200719	2.50	2
200601	2.50	4
201200	2.50	2
200293	2.50	2
201057	2.50	2
200688	2.50	2
200147	2.50	2
201751	2.50	2
200110	2.50	2
200068	2.50	2
201595	2.50	2
200370	2.50	4
200130	2.50	2
200879	2.50	2
201534	2.50	4
201802	2.50	2
200286	2.50	2
200585	2.50	2
200596	2.50	2
201099	2.50	2
201339	2.50	4
201149	2.50	2
201472	2.50	2
201997	2.50	2
200504	2.50	2
200121	2.50	2
201093	2.50	4
201979	2.50	2
201806	2.50	2
200376	2.50	2
200958	2.50	2
200560	2.50	2
200460	2.50	2
201031	2.40	5
200196	2.40	5
201610	2.33	3
200099	2.33	3
200421	2.33	3
200377	2.33	3
200462	2.33	3
200697	2.33	3
201749	2.33	3
201833	2.33	3
200981	2.33	3
200461	2.33	3
201524	2.33	3
200002	2.33	3
201072	2.33	3
200056	2.33	3
200517	2.33	3
200288	2.33	3
201650	2.33	3
200078	2.33	3
200166	2.33	3
201957	2.33	3
200244	2.33	3
200621	2.33	3
201792	2.33	3
200187	2.25	4
200494	2.25	4
201154	2.25	4
200878	2.25	4
201799	2.25	4
200327	2.25	4
201497	2.25	4
200901	2.25	4
201634	2.25	4
200845	2.25	4
201003	2.20	5
201680	2.20	5
200515	2.17	6
201017	2.00	1
200491	2.00	1
200433	2.00	3
200302	2.00	4
200299	2.00	1
201803	2.00	1
201720	2.00	2
200686	2.00	1
201529	2.00	1
201704	2.00	1
201487	2.00	1
201676	2.00	1
200034	2.00	2
201103	2.00	2
201568	2.00	1
200135	2.00	5
200692	2.00	2
200283	2.00	2
200496	2.00	1
200657	2.00	3
201453	2.00	2
201877	2.00	1
200234	2.00	1
201768	2.00	2
201940	2.00	1
201395	2.00	1
200793	2.00	1
200019	2.00	1
200753	2.00	1
201300	2.00	2
201387	2.00	2
201835	2.00	2
201618	2.00	1
200186	2.00	1
201246	2.00	1
201516	2.00	1
200637	2.00	1
200529	2.00	1
201236	2.00	1
200287	2.00	1
200218	2.00	1
200086	2.00	1
200538	2.00	3
201075	2.00	1
201485	2.00	2
200383	2.00	1
200900	2.00	2
200449	2.00	1
200758	2.00	1
200940	2.00	1
200862	2.00	1
200297	2.00	2
201228	2.00	3
200088	2.00	2
200843	2.00	3
200572	2.00	1
200375	2.00	1
201694	2.00	1
201049	2.00	1
201323	2.00	1
200655	2.00	3
201815	2.00	1
201832	2.00	1
200803	2.00	2
200716	2.00	2
201481	2.00	2
200782	2.00	2
201548	2.00	1
201013	2.00	3
200710	2.00	1
200201	2.00	1
200055	2.00	1
200812	2.00	1
200179	2.00	1
201051	2.00	1
201571	2.00	1
200760	2.00	1
201712	2.00	1
201885	2.00	1
201730	2.00	3
200695	2.00	2
201358	2.00	1
201429	2.00	2
201493	2.00	1
201157	2.00	2
201944	2.00	1
201570	2.00	2
200975	2.00	2
201234	2.00	2
200607	2.00	3
200790	2.00	1
200925	2.00	2
200267	2.00	3
200456	2.00	1
200988	2.00	3
200733	2.00	1
201218	2.00	1
200936	2.00	1
201290	2.00	2
200346	2.00	1
200977	2.00	1
201313	2.00	2
200164	2.00	2
201410	2.00	2
201849	2.00	1
201771	2.00	1
200784	2.00	1
201356	2.00	1
201583	2.00	1
201170	2.00	1
201725	2.00	1
200510	2.00	1
200548	2.00	2
201110	2.00	1
200852	2.00	1
201165	2.00	2
200380	2.00	1
201748	2.00	1
200464	2.00	1
200489	2.00	1
200818	2.00	2
200282	2.00	1
201653	2.00	3
200646	2.00	1
201139	2.00	2
201413	2.00	2
201280	2.00	1
201256	2.00	1
201925	2.00	2
200732	2.00	2
200810	2.00	1
200437	2.00	4
201254	2.00	1
200718	2.00	1
201898	2.00	1
201251	2.00	2
201486	2.00	3
200221	2.00	1
200991	2.00	1
201753	2.00	1
201135	2.00	3
200303	2.00	1
201756	2.00	1
201851	2.00	2
200583	2.00	1
200729	2.00	4
201699	2.00	2
200123	2.00	1
200694	2.00	3
200652	2.00	1
200903	2.00	1
201703	2.00	1
201916	2.00	1
200475	2.00	1
201716	2.00	1
200042	2.00	1
200323	2.00	2
200771	2.00	3
200643	2.00	1
200764	2.00	4
201577	2.00	3
201086	2.00	1
200277	2.00	1
201273	2.00	1
201045	2.00	1
201372	2.00	1
201390	2.00	3
201660	2.00	1
200598	2.00	1
201931	2.00	2
201745	2.00	1
200968	2.00	2
201094	2.00	2
201765	2.00	2
201540	2.00	1
201006	2.00	3
201566	2.00	1
200059	2.00	1
201225	2.00	2
200543	2.00	2
201560	2.00	1
200997	2.00	1
201028	2.00	1
200591	2.00	3
201561	2.00	2
200624	2.00	1
201788	2.00	2
201085	2.00	2
200902	2.00	1
200922	2.00	1
200662	2.00	1
200953	2.00	1
200405	2.00	1
200582	2.00	2
201738	2.00	2
200501	2.00	1
201456	2.00	1
200071	2.00	2
200892	2.00	1
200872	2.00	1
200665	2.00	1
201651	2.00	1
200039	2.00	1
201126	2.00	1
201536	2.00	1
200756	2.00	1
201794	2.00	1
200446	2.00	1
200513	2.00	1
200518	2.00	2
201129	2.00	1
201784	2.00	1
200882	2.00	1
201890	2.00	1
201708	2.00	1
201033	2.00	2
200354	1.80	5
200403	1.80	5
201665	1.80	5
201644	1.75	4
200053	1.75	4
201645	1.75	4
200495	1.67	3
200870	1.67	3
201042	1.67	3
201058	1.67	3
200721	1.67	3
201923	1.67	3
201177	1.67	3
200568	1.67	3
201215	1.50	2
201558	1.50	2
201196	1.50	2
200361	1.50	2
200170	1.50	2
201212	1.50	2
200210	1.50	4
201116	1.50	2
201179	1.50	2
200161	1.50	2
201617	1.50	2
201507	1.50	2
201980	1.50	2
201582	1.50	2
201376	1.50	2
200275	1.50	2
200274	1.50	2
200811	1.50	2
200659	1.50	2
200687	1.50	2
200804	1.50	2
201271	1.50	2
200928	1.50	2
200907	1.50	2
201382	1.50	2
200106	1.50	2
200359	1.50	2
201223	1.50	2
200182	1.50	2
200747	1.50	2
200350	1.50	2
201810	1.50	2
201005	1.50	2
201951	1.50	2
200125	1.50	2
200841	1.50	2
201227	1.50	4
200676	1.50	2
201346	1.50	2
200799	1.50	2
200051	1.33	3
200661	1.33	3
200155	1.33	3
201230	1.33	3
201668	1.00	1
200466	1.00	1
201038	1.00	1
200966	1.00	1
201510	1.00	1
201954	1.00	1
201088	1.00	1
201385	1.00	1
201821	1.00	1
200308	1.00	1
201625	1.00	1
201664	1.00	1
201492	1.00	1
200444	1.00	1
201673	1.00	1
200884	1.00	1
201515	1.00	1
201457	1.00	1
201574	1.00	1
200358	1.00	1
200926	1.00	1
201894	1.00	1
201490	1.00	1
200351	1.00	1
201019	1.00	1
201332	1.00	1
200898	1.00	1
200921	1.00	1
201467	1.00	2
201752	1.00	1
201555	1.00	1
201345	1.00	1
201314	1.00	1
201639	1.00	1
201178	1.00	1
201450	1.00	1
201691	1.00	1
200622	1.00	2
201465	1.00	1
201479	1.00	2
201425	1.00	1
200532	1.00	1
201004	1.00	1
200976	1.00	1
200542	1.00	1
200072	1.00	2
200899	1.00	1
201285	1.00	1
200744	1.00	1
200996	1.00	2
201922	1.00	1
201140	1.00	1
201505	1.00	1
200840	1.00	1
200823	1.00	1
200100	1.00	1
201796	1.00	1
201826	1.00	1
200915	1.00	1
200750	1.00	1
200463	1.00	1
200526	1.00	1
201066	1.00	1
201514	1.00	1
200356	1.00	1
201684	1.00	1
200751	1.00	1
201274	1.00	1
200960	1.00	1
201955	1.00	1
200579	1.00	1
200525	1.00	1
200174	1.00	1
200150	1.00	1
200230	1.00	2
200442	1.00	1
200586	1.00	1
201089	1.00	1
201173	1.00	1
201206	1.00	1
201081	1.00	2
201508	1.00	1
201097	1.00	1
200018	1.00	1
200789	1.00	1
201348	1.00	1
201112	1.00	1
201027	1.00	1
200133	1.00	1
200754	1.00	2
200888	1.00	1
200632	1.00	2
200412	1.00	1
200941	1.00	1
201989	1.00	1
200785	1.00	2
201188	1.00	1
200120	1.00	1
200752	1.00	1
200629	1.00	1
201523	1.00	1
201976	1.00	1
201162	1.00	1
201302	1.00	1
201138	1.00	1
200802	1.00	1
201567	1.00	1
200626	1.00	1
200149	1.00	1
201700	1.00	1
201104	1.00	1
200249	1.00	1
200154	1.00	1
200849	1.00	1
200320	1.00	3
200233	1.00	1
200830	1.00	1
201590	1.00	1
200745	1.00	2
200373	1.00	1
200950	1.00	1
200815	1.00	1
200809	1.00	1
200654	1.00	1
201365	1.00	1
201087	1.00	1
200457	1.00	2
201975	1.00	1
200567	1.00	1
200741	1.00	1
200341	1.00	1
200252	1.00	2
201683	1.00	1
201309	1.00	1
201772	1.00	1
200592	1.00	1
201080	1.00	1
201473	1.00	3
201275	1.00	1
200580	1.00	1
201797	1.00	1
201237	1.00	1
201442	1.00	1
200092	1.00	1
201973	1.00	1
200139	1.00	2
200062	1.00	1
201696	1.00	1
200625	1.00	1
201823	1.00	1

"QUERY PLAN"
"Sort  (cost=13608.62..13609.12 rows=200 width=44) (actual time=2903.431..2903.521 rows=891 loops=1)"
"  Sort Key: (round(avg(r.rating), 2)) DESC"
"  Sort Method: quicksort  Memory: 66kB"
"  ->  HashAggregate  (cost=13597.97..13600.97 rows=200 width=44) (actual time=2899.988..2902.424 rows=891 loops=1)"
"        Group Key: f.flightid"
"        Batches: 1  Memory Usage: 313kB"
"        ->  Merge Join  (cost=4148.00..10452.25 rows=419430 width=8) (actual time=2884.410..2895.236 rows=2328 loops=1)"
"              Merge Cond: (r.ticketid = t.ticketid)"
"              ->  Sort  (cost=331.72..338.12 rows=2560 width=8) (actual time=18.938..19.214 rows=2328 loops=1)"
"                    Sort Key: r.ticketid"
"                    Sort Method: quicksort  Memory: 169kB"
"                    ->  Foreign Scan on review r  (cost=100.00..186.80 rows=2560 width=8) (actual time=5.018..17.665 rows=2328 loops=1)"
"              ->  Sort  (cost=3816.28..3898.20 rows=32768 width=8) (actual time=2865.460..2867.828 rows=3001 loops=1)"
"                    Sort Key: t.ticketid"
"                    Sort Method: external sort  Disk: 4320kB"
"                    ->  Hash Join  (cost=586.87..1358.68 rows=32768 width=8) (actual time=14.957..2494.880 rows=200000 loops=1)"
"                          Hash Cond: (f.serial_number = a.serialnumber)"
"                          ->  Merge Join  (cost=200.00..885.76 rows=32768 width=12) (actual time=6.578..2353.743 rows=200000 loops=1)"
"                                Merge Cond: (f.flightid = t.flightid)"
"                                ->  Foreign Scan on flight f  (cost=100.00..193.92 rows=2560 width=8) (actual time=2.943..16.783 rows=2000 loops=1)"
"                                ->  Materialize  (cost=100.00..200.32 rows=2560 width=8) (actual time=3.626..2204.781 rows=200000 loops=1)"
"                                      ->  Foreign Scan on ticket t  (cost=100.00..193.92 rows=2560 width=8) (actual time=3.618..2124.488 rows=200000 loops=1)"
"                          ->  Hash  (cost=225.83..225.83 rows=12883 width=4) (actual time=8.122..8.125 rows=12884 loops=1)"
"                                Buckets: 16384  Batches: 1  Memory Usage: 581kB"
"                                ->  Seq Scan on airplane a  (cost=0.00..225.83 rows=12883 width=4) (actual time=0.216..3.263 rows=12884 loops=1)"
"Planning Time: 2.147 ms"
"Execution Time: 2925.043 ms"

Delete Query:
-- Delete all reviews that are the only review for a specific flight
WITH single_review_flights AS (
    SELECT
        flightid
    FROM
        review_airplane_data
    GROUP BY
        flightid
    HAVING
        COUNT(*) = 1
)
DELETE FROM review
WHERE ticketid IN (
    SELECT ticketid
    FROM review_airplane_data
    WHERE flightid IN (
        SELECT flightid
        FROM single_review_flights
    )
);
DELETE 672

"QUERY PLAN"
"Delete on review  (cost=14324.53..14414.59 rows=0 width=0) (actual time=5995.464..5995.601 rows=0 loops=1)"
"  ->  Hash Semi Join  (cost=14324.53..14414.59 rows=132 width=736) (actual time=5995.462..5995.598 rows=0 loops=1)"
"        Hash Cond: (review.ticketid = r.ticketid)"
"        ->  Foreign Scan on review  (cost=100.00..182.27 rows=2409 width=10) (actual time=6.424..6.425 rows=1 loops=1)"
"        ->  Hash  (cost=14224.39..14224.39 rows=11 width=738) (actual time=5989.003..5989.138 rows=0 loops=1)"
"              Buckets: 1024  Batches: 1  Memory Usage: 8kB"
"              ->  Nested Loop  (cost=14213.49..14224.39 rows=11 width=738) (actual time=5989.002..5989.136 rows=0 loops=1)"
"                    ->  Merge Join  (cost=14213.20..14214.10 rows=11 width=736) (actual time=5989.000..5989.055 rows=0 loops=1)"
"                          Merge Cond: (t.ticketid = r.ticketid)"
"                          ->  Sort  (cost=14093.94..14093.98 rows=16 width=180) (actual time=5988.999..5989.053 rows=0 loops=1)"
"                                Sort Key: t.ticketid"
"                                Sort Method: quicksort  Memory: 25kB"
"                                ->  Hash Join  (cost=14054.66..14093.62 rows=16 width=180) (actual time=5988.984..5989.037 rows=0 loops=1)"
"                                      Hash Cond: (f.flightid = t.flightid)"
"                                      ->  Foreign Scan on flight f  (cost=100.00..135.59 rows=853 width=72) (actual time=2.871..2.871 rows=1 loops=1)"
"                                      ->  Hash  (cost=13954.61..13954.61 rows=4 width=120) (actual time=5985.979..5986.031 rows=0 loops=1)"
"                                            Buckets: 1024  Batches: 1  Memory Usage: 8kB"
"                                            ->  Merge Join  (cost=13950.91..13954.61 rows=4 width=120) (actual time=5985.977..5986.029 rows=0 loops=1)"
"                                                  Merge Cond: (t.flightid = single_review_flights.flightid)"
"                                                  ->  Sort  (cost=166.70..168.53 rows=731 width=88) (actual time=3454.313..3454.314 rows=1 loops=1)"
"                                                        Sort Key: t.flightid"
"                                                        Sort Method: external merge  Disk: 16064kB"
"                                                        ->  Foreign Scan on ticket t  (cost=100.00..131.93 rows=731 width=88) (actual time=2.064..3102.149 rows=200000 loops=1)"
"                                                  ->  Sort  (cost=13784.21..13784.21 rows=1 width=32) (actual time=2531.657..2531.708 rows=0 loops=1)"
"                                                        Sort Key: single_review_flights.flightid"
"                                                        Sort Method: quicksort  Memory: 25kB"
"                                                        ->  Subquery Scan on single_review_flights  (cost=13781.69..13784.20 rows=1 width=32) (actual time=2529.882..2529.932 rows=0 loops=1)"
"                                                              ->  HashAggregate  (cost=13781.69..13784.19 rows=1 width=4) (actual time=2529.878..2529.928 rows=0 loops=1)"
"                                                                    Group Key: f_1.flightid"
"                                                                    Filter: (count(*) = 1)"
"                                                                    Batches: 1  Memory Usage: 121kB"
"                                                                    Rows Removed by Filter: 891"
"                                                                    ->  Merge Join  (cost=4182.42..11385.53 rows=479232 width=4) (actual time=2512.301..2516.209 rows=2328 loops=1)"
"                                                                          Merge Cond: (r_1.ticketid = t_1.ticketid)"
"                                                                          ->  Sort  (cost=366.15..373.46 rows=2925 width=4) (actual time=16.539..16.791 rows=2328 loops=1)"
"                                                                                Sort Key: r_1.ticketid"
"                                                                                Sort Method: quicksort  Memory: 97kB"
"                                                                                ->  Foreign Scan on review r_1  (cost=100.00..197.75 rows=2925 width=4) (actual time=2.127..15.971 rows=2328 loops=1)"
"                                                                          ->  Sort  (cost=3816.28..3898.20 rows=32768 width=8) (actual time=2495.750..2496.896 rows=3001 loops=1)"
"                                                                                Sort Key: t_1.ticketid"
"                                                                                Sort Method: external sort  Disk: 4320kB"
"                                                                                ->  Hash Join  (cost=586.87..1358.68 rows=32768 width=8) (actual time=13.845..2072.838 rows=200000 loops=1)"
"                                                                                      Hash Cond: (f_1.serial_number = a_1.serialnumber)"
"                                                                                      ->  Merge Join  (cost=200.00..885.76 rows=32768 width=12) (actual time=4.833..1922.442 rows=200000 loops=1)"
"                                                                                            Merge Cond: (f_1.flightid = t_1.flightid)"
"                                                                                            ->  Foreign Scan on flight f_1  (cost=100.00..193.92 rows=2560 width=8) (actual time=2.416..17.522 rows=2000 loops=1)"
"                                                                                            ->  Materialize  (cost=100.00..200.32 rows=2560 width=8) (actual time=2.406..1761.308 rows=200000 loops=1)"
"                                                                                                  ->  Foreign Scan on ticket t_1  (cost=100.00..193.92 rows=2560 width=8) (actual time=2.397..1677.545 rows=200000 loops=1)"
"                                                                                      ->  Hash  (cost=225.83..225.83 rows=12883 width=4) (actual time=8.808..8.852 rows=12884 loops=1)"
"                                                                                            Buckets: 16384  Batches: 1  Memory Usage: 581kB"
"                                                                                            ->  Seq Scan on airplane a_1  (cost=0.00..225.83 rows=12883 width=4) (actual time=0.076..3.409 rows=12884 loops=1)"
"                          ->  Sort  (cost=119.26..119.62 rows=141 width=556) (never executed)"
"                                Sort Key: r.ticketid"
"                                ->  Foreign Scan on review r  (cost=100.00..114.23 rows=141 width=556) (never executed)"
"                    ->  Index Scan using airplane_pkey on airplane a  (cost=0.29..0.94 rows=1 width=10) (never executed)"
"                          Index Cond: (serialnumber = f.serial_number)"
"Planning Time: 3.140 ms"
"Execution Time: 6041.815 ms"

