QUERY 1
"Hash Join  (cost=420.04..3177.08 rows=197 width=28) (actual time=6.222..9.684 rows=217 loops=1)"
"  Hash Cond: (l.serialnumber = a.serialnumber)"
"  ->  Bitmap Heap Scan on landingtakingoff l  (cost=33.17..2789.69 rows=197 width=4) (actual time=0.784..4.077 rows=217 loops=1)"
"        Recheck Cond: (date = '2024-05-19'::date)"
"        Filter: ((location)::text = 'LAX'::text)"
"        Rows Removed by Filter: 2594"
"        Heap Blocks: exact=1560"
"        ->  Bitmap Index Scan on idx_landingtakingoff_date  (cost=0.00..33.12 rows=2760 width=0) (actual time=0.488..0.488 rows=2811 loops=1)"
"              Index Cond: (date = '2024-05-19'::date)"
"  ->  Hash  (cost=225.83..225.83 rows=12883 width=28) (actual time=5.178..5.179 rows=12883 loops=1)"
"        Buckets: 16384  Batches: 1  Memory Usage: 896kB"
"        ->  Seq Scan on airplane a  (cost=0.00..225.83 rows=12883 width=28) (actual time=0.052..1.766 rows=12883 loops=1)"
"Planning Time: 0.589 ms"
"Execution Time: 10.426 ms"

QUERY 2
"Bitmap Heap Scan on truckload t  (cost=8.65..921.16 rows=413 width=25) (actual time=2.406..3.523 rows=426 loops=1)"
"  Recheck Cond: ((date = '2024-04-28'::date) AND ((typeoffuel)::text = 'JetB'::text))"
"  Heap Blocks: exact=380"
"  ->  Bitmap Index Scan on idx_truckload_date_typeoffuel  (cost=0.00..8.55 rows=413 width=0) (actual time=2.321..2.322 rows=426 loops=1)"
"        Index Cond: ((date = '2024-04-28'::date) AND ((typeoffuel)::text = 'JetB'::text))"
"Planning Time: 8.481 ms"
"Execution Time: 4.395 ms"

QUERY 3
"Seq Scan on runway r  (cost=0.00..10597.88 rows=19 width=20) (actual time=6.990..126.224 rows=56 loops=1)"
"  Filter: ((SubPlan 1) > 20)"
"  SubPlan 1"
"    ->  Aggregate  (cost=189.21..189.22 rows=1 width=8) (actual time=2.233..2.233 rows=1 loops=56)"
"          ->  Index Only Scan using idx_landingtakingoff_number_location on landingtakingoff l  (cost=0.42..171.34 rows=7146 width=0) (actual time=0.124..1.561 rows=7146 loops=56)"
"                Index Cond: ((number = r.number) AND (location = (r.location)::text))"
"                Heap Fetches: 0"
"Planning Time: 20.453 ms"
"Execution Time: 128.010 ms"

QUERY 4
"Sort  (cost=74.36..74.38 rows=7 width=17) (actual time=1.697..1.699 rows=7 loops=1)"
"  Sort Key: manufacturer"
"  Sort Method: quicksort  Memory: 25kB"
"  ->  HashAggregate  (cost=74.19..74.26 rows=7 width=17) (actual time=0.666..0.668 rows=7 loops=1)"
"        Group Key: manufacturer"
"        Batches: 1  Memory Usage: 24kB"
"        ->  Seq Scan on airplanetug at  (cost=0.00..73.00 rows=239 width=9) (actual time=0.023..0.594 rows=239 loops=1)"
"              Filter: ((location)::text = 'LAX'::text)"
"              Rows Removed by Filter: 3361"
"Planning Time: 5.714 ms"
"Execution Time: 1.755 ms"